{
  "0 debug pnpm:scope": {
    "selected": 1
  },
  "1 info pnpm": {
    "err": {
      "name": "Error",
      "message": "not found: io",
      "code": "ENOENT",
      "stack": "Error: not found: io\n    at getNotFoundError (/Users/jeremias/.nvm/versions/node/v14.17.0/pnpm-global/5/node_modules/.pnpm/pnpm@6.20.1/node_modules/pnpm/dist/pnpm.cjs:48497:51)\n    at Function.whichSync [as sync] (/Users/jeremias/.nvm/versions/node/v14.17.0/pnpm-global/5/node_modules/.pnpm/pnpm@6.20.1/node_modules/pnpm/dist/pnpm.cjs:48574:13)\n    at getCommandAbsolutePathSync (/Users/jeremias/.nvm/versions/node/v14.17.0/pnpm-global/5/node_modules/.pnpm/pnpm@6.20.1/node_modules/pnpm/dist/pnpm.cjs:50139:44)\n    at default_1 (/Users/jeremias/.nvm/versions/node/v14.17.0/pnpm-global/5/node_modules/.pnpm/pnpm@6.20.1/node_modules/pnpm/dist/pnpm.cjs:50148:32)\n    at /Users/jeremias/.nvm/versions/node/v14.17.0/pnpm-global/5/node_modules/.pnpm/pnpm@6.20.1/node_modules/pnpm/dist/pnpm.cjs:129959:39"
    }
  },
  "2 error pnpm": {
    "code": "ERR_PNPM_RECURSIVE_EXEC_FIRST_FAIL",
    "prefix": "/Users/jeremias/OneDrive - Hochschule Luzern/Studium/Semester_1/KICKVIS/dokumentation",
    "err": {
      "name": "pnpm",
      "message": "not found: io",
      "code": "ERR_PNPM_RECURSIVE_EXEC_FIRST_FAIL",
      "stack": "Error: not found: io\n    at getNotFoundError (/Users/jeremias/.nvm/versions/node/v14.17.0/pnpm-global/5/node_modules/.pnpm/pnpm@6.20.1/node_modules/pnpm/dist/pnpm.cjs:48497:51)\n    at Function.whichSync [as sync] (/Users/jeremias/.nvm/versions/node/v14.17.0/pnpm-global/5/node_modules/.pnpm/pnpm@6.20.1/node_modules/pnpm/dist/pnpm.cjs:48574:13)\n    at getCommandAbsolutePathSync (/Users/jeremias/.nvm/versions/node/v14.17.0/pnpm-global/5/node_modules/.pnpm/pnpm@6.20.1/node_modules/pnpm/dist/pnpm.cjs:50139:44)\n    at default_1 (/Users/jeremias/.nvm/versions/node/v14.17.0/pnpm-global/5/node_modules/.pnpm/pnpm@6.20.1/node_modules/pnpm/dist/pnpm.cjs:50148:32)\n    at /Users/jeremias/.nvm/versions/node/v14.17.0/pnpm-global/5/node_modules/.pnpm/pnpm@6.20.1/node_modules/pnpm/dist/pnpm.cjs:129959:39"
    }
  }
}